Symbol range map extraction starting
Processing 63 files
processing noob\NoobTeam\Agent.java
processing noob\NoobTeam\Client.java
processing noob\NoobTeam\ForgeMod.java
processing noob\NoobTeam\commands\ToggleCommand.java
processing noob\NoobTeam\commands\bindCommand.java
processing noob\NoobTeam\commands\hideCommand.java
processing noob\NoobTeam\commands\loadConfigCommand.java
processing noob\NoobTeam\commands\saveConfigCommand.java
processing noob\NoobTeam\commands\settingCommand.java
processing noob\NoobTeam\commands\timerCommand.java
processing noob\NoobTeam\config\AutoSave.java
processing noob\NoobTeam\events\PacketEvent.java
processing noob\NoobTeam\managers\CommandManager.java
processing noob\NoobTeam\managers\ConfigManager.java
processing noob\NoobTeam\managers\ModuleManager.java
processing noob\NoobTeam\managers\PacketManager.java
processing noob\NoobTeam\modules\Category.java
processing noob\NoobTeam\modules\Combat\AntiBots.java
processing noob\NoobTeam\modules\Combat\AutoClicker.java
processing noob\NoobTeam\modules\Combat\Criticals.java
processing noob\NoobTeam\modules\Combat\DelayRemover.java
processing noob\NoobTeam\modules\Combat\HitBox.java
processing noob\NoobTeam\modules\Combat\KillAura.java
processing noob\NoobTeam\modules\Combat\Reach.java
processing noob\NoobTeam\modules\Combat\SuperKB.java
processing noob\NoobTeam\modules\Combat\Velocity.java
processing noob\NoobTeam\modules\Combat\Wtap.java
processing noob\NoobTeam\modules\Misc\AutoL.java
processing noob\NoobTeam\modules\Misc\AutoSaveConfig.java
processing noob\NoobTeam\modules\Misc\Fucker.java
processing noob\NoobTeam\modules\Misc\NoCommand.java
processing noob\NoobTeam\modules\Module.java
processing noob\NoobTeam\modules\movement\InventoryMove.java
processing noob\NoobTeam\modules\movement\KeepSprint.java
processing noob\NoobTeam\modules\movement\Speed.java
processing noob\NoobTeam\modules\movement\Sprint.java
processing noob\NoobTeam\modules\movement\Strafe.java
processing noob\NoobTeam\modules\player\FastPlace.java
processing noob\NoobTeam\modules\player\NoFall.java
processing noob\NoobTeam\modules\player\NoJumpDelay.java
processing noob\NoobTeam\modules\player\SpeedMine.java
processing noob\NoobTeam\modules\render\FullBright.java
processing noob\NoobTeam\modules\render\Hud.java
processing noob\NoobTeam\outSideGui\ClickGui.java
processing noob\NoobTeam\outSideGui\Controller.java
processing noob\NoobTeam\settings\BooleanSetting.java
processing noob\NoobTeam\settings\ModeSetting.java
processing noob\NoobTeam\settings\NumberSetting.java
processing noob\NoobTeam\settings\Setting.java
processing noob\NoobTeam\socket\ServerThread.java
processing noob\NoobTeam\socket\UserThread.java
processing noob\NoobTeam\socket\packet\C00Packet.java
processing noob\NoobTeam\socket\packet\C01PacketModuleState.java
processing noob\NoobTeam\socket\packet\C02PacketBoolValue.java
processing noob\NoobTeam\socket\packet\C03PacketModeValue.java
processing noob\NoobTeam\socket\packet\C04PacketNumberValue.java
processing noob\NoobTeam\socket\packet\C05PacketCheck.java
processing noob\NoobTeam\utils\ChatUtil.java
processing noob\NoobTeam\utils\ColorUtil.java
processing noob\NoobTeam\utils\EntitySize.java
processing noob\NoobTeam\utils\Helper.java
processing noob\NoobTeam\utils\ReflectionUtil.java
processing noob\NoobTeam\utils\Timer.java
